  DXUT.cpp
C:\Program Files (x86)\Microsoft DirectX SDK (June 2010)\Include\dxgitype.h(12): warning C4005: 'DXGI_STATUS_OCCLUDED': 매크로 재정의
  C:\Program Files (x86)\Windows Kits\10\Include\10.0.17763.0\shared\winerror.h(55460): note: 'DXGI_STATUS_OCCLUDED'의 이전 정의를 참조하십시오.
C:\Program Files (x86)\Microsoft DirectX SDK (June 2010)\Include\dxgitype.h(13): warning C4005: 'DXGI_STATUS_CLIPPED': 매크로 재정의
  C:\Program Files (x86)\Windows Kits\10\Include\10.0.17763.0\shared\winerror.h(55469): note: 'DXGI_STATUS_CLIPPED'의 이전 정의를 참조하십시오.
C:\Program Files (x86)\Microsoft DirectX SDK (June 2010)\Include\dxgitype.h(14): warning C4005: 'DXGI_STATUS_NO_REDIRECTION': 매크로 재정의
  C:\Program Files (x86)\Windows Kits\10\Include\10.0.17763.0\shared\winerror.h(55478): note: 'DXGI_STATUS_NO_REDIRECTION'의 이전 정의를 참조하십시오.
C:\Program Files (x86)\Microsoft DirectX SDK (June 2010)\Include\dxgitype.h(15): warning C4005: 'DXGI_STATUS_NO_DESKTOP_ACCESS': 매크로 재정의
  C:\Program Files (x86)\Windows Kits\10\Include\10.0.17763.0\shared\winerror.h(55487): note: 'DXGI_STATUS_NO_DESKTOP_ACCESS'의 이전 정의를 참조하십시오.
C:\Program Files (x86)\Microsoft DirectX SDK (June 2010)\Include\dxgitype.h(16): warning C4005: 'DXGI_STATUS_GRAPHICS_VIDPN_SOURCE_IN_USE': 매크로 재정의
  C:\Program Files (x86)\Windows Kits\10\Include\10.0.17763.0\shared\winerror.h(55496): note: 'DXGI_STATUS_GRAPHICS_VIDPN_SOURCE_IN_USE'의 이전 정의를 참조하십시오.
C:\Program Files (x86)\Microsoft DirectX SDK (June 2010)\Include\dxgitype.h(17): warning C4005: 'DXGI_STATUS_MODE_CHANGED': 매크로 재정의
  C:\Program Files (x86)\Windows Kits\10\Include\10.0.17763.0\shared\winerror.h(55505): note: 'DXGI_STATUS_MODE_CHANGED'의 이전 정의를 참조하십시오.
C:\Program Files (x86)\Microsoft DirectX SDK (June 2010)\Include\dxgitype.h(18): warning C4005: 'DXGI_STATUS_MODE_CHANGE_IN_PROGRESS': 매크로 재정의
  C:\Program Files (x86)\Windows Kits\10\Include\10.0.17763.0\shared\winerror.h(55514): note: 'DXGI_STATUS_MODE_CHANGE_IN_PROGRESS'의 이전 정의를 참조하십시오.
C:\Program Files (x86)\Microsoft DirectX SDK (June 2010)\Include\dxgitype.h(21): warning C4005: 'DXGI_ERROR_INVALID_CALL': 매크로 재정의
  C:\Program Files (x86)\Windows Kits\10\Include\10.0.17763.0\shared\winerror.h(55529): note: 'DXGI_ERROR_INVALID_CALL'의 이전 정의를 참조하십시오.
C:\Program Files (x86)\Microsoft DirectX SDK (June 2010)\Include\dxgitype.h(22): warning C4005: 'DXGI_ERROR_NOT_FOUND': 매크로 재정의
  C:\Program Files (x86)\Windows Kits\10\Include\10.0.17763.0\shared\winerror.h(55538): note: 'DXGI_ERROR_NOT_FOUND'의 이전 정의를 참조하십시오.
C:\Program Files (x86)\Microsoft DirectX SDK (June 2010)\Include\dxgitype.h(23): warning C4005: 'DXGI_ERROR_MORE_DATA': 매크로 재정의
  C:\Program Files (x86)\Windows Kits\10\Include\10.0.17763.0\shared\winerror.h(55547): note: 'DXGI_ERROR_MORE_DATA'의 이전 정의를 참조하십시오.
C:\Program Files (x86)\Microsoft DirectX SDK (June 2010)\Include\dxgitype.h(24): warning C4005: 'DXGI_ERROR_UNSUPPORTED': 매크로 재정의
  C:\Program Files (x86)\Windows Kits\10\Include\10.0.17763.0\shared\winerror.h(55556): note: 'DXGI_ERROR_UNSUPPORTED'의 이전 정의를 참조하십시오.
C:\Program Files (x86)\Microsoft DirectX SDK (June 2010)\Include\dxgitype.h(25): warning C4005: 'DXGI_ERROR_DEVICE_REMOVED': 매크로 재정의
  C:\Program Files (x86)\Windows Kits\10\Include\10.0.17763.0\shared\winerror.h(55565): note: 'DXGI_ERROR_DEVICE_REMOVED'의 이전 정의를 참조하십시오.
C:\Program Files (x86)\Microsoft DirectX SDK (June 2010)\Include\dxgitype.h(26): warning C4005: 'DXGI_ERROR_DEVICE_HUNG': 매크로 재정의
  C:\Program Files (x86)\Windows Kits\10\Include\10.0.17763.0\shared\winerror.h(55574): note: 'DXGI_ERROR_DEVICE_HUNG'의 이전 정의를 참조하십시오.
C:\Program Files (x86)\Microsoft DirectX SDK (June 2010)\Include\dxgitype.h(27): warning C4005: 'DXGI_ERROR_DEVICE_RESET': 매크로 재정의
  C:\Program Files (x86)\Windows Kits\10\Include\10.0.17763.0\shared\winerror.h(55584): note: 'DXGI_ERROR_DEVICE_RESET'의 이전 정의를 참조하십시오.
C:\Program Files (x86)\Microsoft DirectX SDK (June 2010)\Include\dxgitype.h(28): warning C4005: 'DXGI_ERROR_WAS_STILL_DRAWING': 매크로 재정의
  C:\Program Files (x86)\Windows Kits\10\Include\10.0.17763.0\shared\winerror.h(55593): note: 'DXGI_ERROR_WAS_STILL_DRAWING'의 이전 정의를 참조하십시오.
C:\Program Files (x86)\Microsoft DirectX SDK (June 2010)\Include\dxgitype.h(29): warning C4005: 'DXGI_ERROR_FRAME_STATISTICS_DISJOINT': 매크로 재정의
  C:\Program Files (x86)\Windows Kits\10\Include\10.0.17763.0\shared\winerror.h(55603): note: 'DXGI_ERROR_FRAME_STATISTICS_DISJOINT'의 이전 정의를 참조하십시오.
C:\Program Files (x86)\Microsoft DirectX SDK (June 2010)\Include\dxgitype.h(30): warning C4005: 'DXGI_ERROR_GRAPHICS_VIDPN_SOURCE_IN_USE': 매크로 재정의
  C:\Program Files (x86)\Windows Kits\10\Include\10.0.17763.0\shared\winerror.h(55612): note: 'DXGI_ERROR_GRAPHICS_VIDPN_SOURCE_IN_USE'의 이전 정의를 참조하십시오.
C:\Program Files (x86)\Microsoft DirectX SDK (June 2010)\Include\dxgitype.h(31): warning C4005: 'DXGI_ERROR_DRIVER_INTERNAL_ERROR': 매크로 재정의
  C:\Program Files (x86)\Windows Kits\10\Include\10.0.17763.0\shared\winerror.h(55622): note: 'DXGI_ERROR_DRIVER_INTERNAL_ERROR'의 이전 정의를 참조하십시오.
C:\Program Files (x86)\Microsoft DirectX SDK (June 2010)\Include\dxgitype.h(32): warning C4005: 'DXGI_ERROR_NONEXCLUSIVE': 매크로 재정의
  C:\Program Files (x86)\Windows Kits\10\Include\10.0.17763.0\shared\winerror.h(55631): note: 'DXGI_ERROR_NONEXCLUSIVE'의 이전 정의를 참조하십시오.
C:\Program Files (x86)\Microsoft DirectX SDK (June 2010)\Include\dxgitype.h(33): warning C4005: 'DXGI_ERROR_NOT_CURRENTLY_AVAILABLE': 매크로 재정의
  C:\Program Files (x86)\Windows Kits\10\Include\10.0.17763.0\shared\winerror.h(55640): note: 'DXGI_ERROR_NOT_CURRENTLY_AVAILABLE'의 이전 정의를 참조하십시오.
C:\Program Files (x86)\Microsoft DirectX SDK (June 2010)\Include\dxgitype.h(34): warning C4005: 'DXGI_ERROR_REMOTE_CLIENT_DISCONNECTED': 매크로 재정의
  C:\Program Files (x86)\Windows Kits\10\Include\10.0.17763.0\shared\winerror.h(55650): note: 'DXGI_ERROR_REMOTE_CLIENT_DISCONNECTED'의 이전 정의를 참조하십시오.
C:\Program Files (x86)\Microsoft DirectX SDK (June 2010)\Include\dxgitype.h(35): warning C4005: 'DXGI_ERROR_REMOTE_OUTOFMEMORY': 매크로 재정의
  C:\Program Files (x86)\Windows Kits\10\Include\10.0.17763.0\shared\winerror.h(55659): note: 'DXGI_ERROR_REMOTE_OUTOFMEMORY'의 이전 정의를 참조하십시오.
C:\Program Files (x86)\Microsoft DirectX SDK (June 2010)\Include\d3d10.h(608): warning C4005: 'D3D10_ERROR_TOO_MANY_UNIQUE_STATE_OBJECTS': 매크로 재정의
  C:\Program Files (x86)\Windows Kits\10\Include\10.0.17763.0\shared\winerror.h(55899): note: 'D3D10_ERROR_TOO_MANY_UNIQUE_STATE_OBJECTS'의 이전 정의를 참조하십시오.
C:\Program Files (x86)\Microsoft DirectX SDK (June 2010)\Include\d3d10.h(609): warning C4005: 'D3D10_ERROR_FILE_NOT_FOUND': 매크로 재정의
  C:\Program Files (x86)\Windows Kits\10\Include\10.0.17763.0\shared\winerror.h(55908): note: 'D3D10_ERROR_FILE_NOT_FOUND'의 이전 정의를 참조하십시오.
D:\Programming\study\D3DX9Prectice\D3DX9\D3DX9PRECTICE\DXUT\Core\DXUT.cpp(696): warning C4838: 'UINT'에서 'LONG'(으)로의 변환에는 축소 변환이 필요합니다.
D:\Programming\study\D3DX9Prectice\D3DX9\D3DX9PRECTICE\DXUT\Core\DXUT.cpp(697): warning C4838: 'UINT'에서 'LONG'(으)로의 변환에는 축소 변환이 필요합니다.
D:\Programming\study\D3DX9Prectice\D3DX9\D3DX9PRECTICE\DXUT\Core\DXUT.cpp(4961): warning C4996: 'GetVersionExW': deprecated로 선언되었습니다.
  C:\Program Files (x86)\Windows Kits\10\Include\10.0.17763.0\um\sysinfoapi.h(387): note: 'GetVersionExW' 선언을 참조하십시오.
  Camera.cpp
  CameraManager.cpp
  D3DX9PRECTICE.cpp
D:\Programming\study\D3DX9Prectice\D3DX9\D3DX9PRECTICE\D3DX9PRECTICE.cpp(6): warning C4603: 'OnD3D9ResetDevice': 매크로가 정의되지 않았거나 미리 컴파일된 헤더 사용 후와 정의가 다릅니다.
  D:\Programming\study\D3DX9Prectice\D3DX9\D3DX9PRECTICE\D3DX9PRECTICE.cpp(6): note: 여기에서 정의하지 않고 미리 컴파일된 헤더에 매크로 추가
  D:\Programming\study\D3DX9Prectice\D3DX9\D3DX9PRECTICE\D3DX9PRECTICE.cpp(7): note: 미리 컴파일된 헤더 사용
D:\Programming\study\D3DX9Prectice\D3DX9\D3DX9PRECTICE\D3DX9PRECTICE.cpp(147): warning C4244: '인수': 'float'에서 'int'(으)로 변환하면서 데이터가 손실될 수 있습니다.
  DXUTenum.cpp
D:\Programming\study\D3DX9Prectice\D3DX9\D3DX9PRECTICE\DXUT\Core\DXUTenum.cpp(3975): warning C4244: '초기화 중': 'double'에서 'float'(으)로 변환하면서 데이터가 손실될 수 있습니다.
  DXUTmisc.cpp
D:\Programming\study\D3DX9Prectice\D3DX9\D3DX9PRECTICE\DXUT\Core\DXUTmisc.cpp(1263): warning C4996: 'GetVersionExA': deprecated로 선언되었습니다.
  C:\Program Files (x86)\Windows Kits\10\Include\10.0.17763.0\um\sysinfoapi.h(378): note: 'GetVersionExA' 선언을 참조하십시오.
  DXUTcamera.cpp
  DXUTgui.cpp
D:\Programming\study\D3DX9Prectice\D3DX9\D3DX9PRECTICE\DXUT\Optional\DXUTgui.cpp(6846): warning C4458: 'iTexture' 선언은 클래스 멤버를 숨깁니다.
  D:\Programming\study\D3DX9Prectice\D3DX9\D3DX9PRECTICE\DXUT\Optional\DXUTgui.h(109): note: 'CDXUTElement::iTexture' 선언을 참조하십시오.
D:\Programming\study\D3DX9Prectice\D3DX9\D3DX9PRECTICE\DXUT\Optional\DXUTgui.cpp(6860): warning C4458: 'iFont' 선언은 클래스 멤버를 숨깁니다.
  D:\Programming\study\D3DX9Prectice\D3DX9\D3DX9PRECTICE\DXUT\Optional\DXUTgui.h(110): note: 'CDXUTElement::iFont' 선언을 참조하십시오.
D:\Programming\study\D3DX9Prectice\D3DX9\D3DX9PRECTICE\DXUT\Optional\DXUTgui.cpp(6860): warning C4458: 'dwTextFormat' 선언은 클래스 멤버를 숨깁니다.
  D:\Programming\study\D3DX9Prectice\D3DX9\D3DX9PRECTICE\DXUT\Optional\DXUTgui.h(111): note: 'CDXUTElement::dwTextFormat' 선언을 참조하십시오.
  DXUTres.cpp
  DXUTsettingsdlg.cpp
  SDKmesh.cpp
  SDKmisc.cpp
  Ground.cpp
  InputManager.cpp
  MainProc.cpp
  MeshLoader.cpp
  MeshManager.cpp
D:\Programming\study\D3DX9Prectice\D3DX9\D3DX9PRECTICE\MeshManager.cpp(33): warning C4018: '<': signed 또는 unsigned가 일치하지 않습니다.
D:\Programming\study\D3DX9Prectice\D3DX9\D3DX9PRECTICE\MeshManager.cpp(44): warning C4996: 'strcat': This function or variable may be unsafe. Consider using strcat_s instead. To disable deprecation, use _CRT_SECURE_NO_WARNINGS. See online help for details.
  C:\Program Files (x86)\Windows Kits\10\Include\10.0.17763.0\ucrt\string.h(90): note: 'strcat' 선언을 참조하십시오.
D:\Programming\study\D3DX9Prectice\D3DX9\D3DX9PRECTICE\MeshManager.cpp(45): warning C4996: 'strcat': This function or variable may be unsafe. Consider using strcat_s instead. To disable deprecation, use _CRT_SECURE_NO_WARNINGS. See online help for details.
  C:\Program Files (x86)\Windows Kits\10\Include\10.0.17763.0\ucrt\string.h(90): note: 'strcat' 선언을 참조하십시오.
D:\Programming\study\D3DX9Prectice\D3DX9\D3DX9PRECTICE\MeshManager.cpp(133): warning C4018: '<': signed 또는 unsigned가 일치하지 않습니다.
D:\Programming\study\D3DX9Prectice\D3DX9\D3DX9PRECTICE\MeshManager.cpp(175): warning C4018: '<': signed 또는 unsigned가 일치하지 않습니다.
D:\Programming\study\D3DX9Prectice\D3DX9\D3DX9PRECTICE\MeshManager.cpp(202): warning C4018: '<': signed 또는 unsigned가 일치하지 않습니다.
  Object.cpp
  ObjectManager.cpp
  Player.cpp
D:\Programming\study\D3DX9Prectice\D3DX9\D3DX9PRECTICE\Player.cpp(32): warning C4996: 'sprintf': This function or variable may be unsafe. Consider using sprintf_s instead. To disable deprecation, use _CRT_SECURE_NO_WARNINGS. See online help for details.
  C:\Program Files (x86)\Windows Kits\10\Include\10.0.17763.0\ucrt\stdio.h(1774): note: 'sprintf' 선언을 참조하십시오.
D:\Programming\study\D3DX9Prectice\D3DX9\D3DX9PRECTICE\Player.cpp(73): warning C4238: 비표준 확장이 사용됨: 클래스 rvalue를 lvalue로 사용했습니다.
  SkyBox.cpp
  코드를 생성하고 있습니다...
D:\Programming\study\D3DX9Prectice\D3DX9\D3DX9PRECTICE\CameraManager.h(23): warning C4715: 'CameraManager::GetEye': 모든 제어 경로에서 값을 반환하지는 않습니다.
D:\Programming\study\D3DX9Prectice\D3DX9\D3DX9PRECTICE\CameraManager.h(23): warning C4715: 'CameraManager::GetEye': 모든 제어 경로에서 값을 반환하지는 않습니다.
D:\Programming\study\D3DX9Prectice\D3DX9\D3DX9PRECTICE\CameraManager.h(25): warning C4715: 'CameraManager::GetUp': 모든 제어 경로에서 값을 반환하지는 않습니다.
  컴파일하고 있습니다...
  TexManager.cpp
  TpCamera.cpp
D:\Programming\study\D3DX9Prectice\D3DX9\D3DX9PRECTICE\TpCamera.cpp(54): warning C4244: '=': 'float'에서 'LONG'(으)로 변환하면서 데이터가 손실될 수 있습니다.
D:\Programming\study\D3DX9Prectice\D3DX9\D3DX9PRECTICE\TpCamera.cpp(55): warning C4244: '=': 'float'에서 'LONG'(으)로 변환하면서 데이터가 손실될 수 있습니다.
D:\Programming\study\D3DX9Prectice\D3DX9\D3DX9PRECTICE\TpCamera.cpp(90): warning C4244: '=': 'float'에서 'LONG'(으)로 변환하면서 데이터가 손실될 수 있습니다.
D:\Programming\study\D3DX9Prectice\D3DX9\D3DX9PRECTICE\TpCamera.cpp(91): warning C4244: '=': 'float'에서 'LONG'(으)로 변환하면서 데이터가 손실될 수 있습니다.
  d3dUtility.cpp
  코드를 생성하고 있습니다...
  D3DX9PRECTICE_2010.vcxproj -> D:\Programming\study\D3DX9Prectice\D3DX9\D3DX9PRECTICE\Debug\D3DX9PRECTICE.exe
