  Boss.cpp
F:\D3DX9Prectice\D3DX9\D3DX9PRECTICE\Boss.cpp(108): warning C4244: '초기화 중': 'float'에서 'int'(으)로 변환하면서 데이터가 손실될 수 있습니다.
F:\D3DX9Prectice\D3DX9\D3DX9PRECTICE\Boss.cpp(124): warning C4244: '초기화 중': 'float'에서 'int'(으)로 변환하면서 데이터가 손실될 수 있습니다.
  Enemy.cpp
F:\D3DX9Prectice\D3DX9\D3DX9PRECTICE\Enemy.cpp(137): warning C4018: '<': signed 또는 unsigned가 일치하지 않습니다.
F:\D3DX9Prectice\D3DX9\D3DX9PRECTICE\Enemy.cpp(153): warning C4456: 'collisionPos' 선언은 이전 로컬 선언을 숨깁니다.
  F:\D3DX9Prectice\D3DX9\D3DX9PRECTICE\Enemy.cpp(135): note: 'collisionPos' 선언을 참조하십시오.
  GameManager.cpp
F:\D3DX9Prectice\D3DX9\D3DX9PRECTICE\UI.h(5): warning C4099: 'Color': 처음에는 'struct'을(를) 사용하여 형식 이름을 표시했는데 이제는 'class'을(를) 사용하여 표시합니다.
  F:\D3DX9Prectice\D3DX9\D3DX9PRECTICE\TexManager.h(10): note: 'Color' 선언을 참조하십시오.
F:\D3DX9Prectice\D3DX9\D3DX9PRECTICE\GameManager.cpp(32): warning C4101: 'hpUI' :참조되지 않은 지역 변수입니다.
  HpUI.cpp
  IngameScene.cpp
F:\D3DX9Prectice\D3DX9\D3DX9PRECTICE\UI.h(5): warning C4099: 'Color': 처음에는 'struct'을(를) 사용하여 형식 이름을 표시했는데 이제는 'class'을(를) 사용하여 표시합니다.
  F:\D3DX9Prectice\D3DX9\D3DX9PRECTICE\TexManager.h(10): note: 'Color' 선언을 참조하십시오.
  LoadScene.cpp
  Player.cpp
F:\D3DX9Prectice\D3DX9\D3DX9PRECTICE\UI.h(5): warning C4099: 'Color': 처음에는 'struct'을(를) 사용하여 형식 이름을 표시했는데 이제는 'class'을(를) 사용하여 표시합니다.
  F:\D3DX9Prectice\D3DX9\D3DX9PRECTICE\TexManager.h(10): note: 'Color' 선언을 참조하십시오.
F:\D3DX9Prectice\D3DX9\D3DX9PRECTICE\Player.cpp(96): warning C4018: '<': signed 또는 unsigned가 일치하지 않습니다.
F:\D3DX9Prectice\D3DX9\D3DX9PRECTICE\Player.cpp(148): warning C4238: 비표준 확장이 사용됨: 클래스 rvalue를 lvalue로 사용했습니다.
  PlayerBody.cpp
F:\D3DX9Prectice\D3DX9\D3DX9PRECTICE\UI.h(5): warning C4099: 'Color': 처음에는 'struct'을(를) 사용하여 형식 이름을 표시했는데 이제는 'class'을(를) 사용하여 표시합니다.
  F:\D3DX9Prectice\D3DX9\D3DX9PRECTICE\TexManager.h(10): note: 'Color' 선언을 참조하십시오.
F:\D3DX9Prectice\D3DX9\D3DX9PRECTICE\PlayerBody.cpp(254): warning C4244: '인수': 'int'에서 'float'(으)로 변환하면서 데이터가 손실될 수 있습니다.
F:\D3DX9Prectice\D3DX9\D3DX9PRECTICE\PlayerBody.cpp(281): warning C4244: '인수': 'int'에서 'float'(으)로 변환하면서 데이터가 손실될 수 있습니다.
F:\D3DX9Prectice\D3DX9\D3DX9PRECTICE\PlayerBody.cpp(279): warning C4189: 'bRotate': 지역 변수가 초기화되었으나 참조되지 않았습니다.
  PlayerBottom.cpp
  코드를 생성하고 있습니다...
F:\D3DX9Prectice\D3DX9\D3DX9PRECTICE\CameraManager.h(24): warning C4715: 'CameraManager::GetAt': 모든 제어 경로에서 값을 반환하지는 않습니다.
F:\D3DX9Prectice\D3DX9\D3DX9PRECTICE\CameraManager.h(23): warning C4715: 'CameraManager::GetEye': 모든 제어 경로에서 값을 반환하지는 않습니다.
F:\D3DX9Prectice\D3DX9\D3DX9PRECTICE\CameraManager.h(23): warning C4715: 'CameraManager::GetEye': 모든 제어 경로에서 값을 반환하지는 않습니다.
F:\D3DX9Prectice\D3DX9\D3DX9PRECTICE\CameraManager.h(25): warning C4715: 'CameraManager::GetUp': 모든 제어 경로에서 값을 반환하지는 않습니다.
Boss.obj : warning LNK4075: '/EDITANDCONTINUE'이(가) '/SAFESEH' 사양으로 인해 무시됩니다.
  D3DX9PRECTICE_2010.vcxproj -> F:\D3DX9Prectice\D3DX9\D3DX9PRECTICE\Debug\D3DX9PRECTICE.exe
