빌드 시작: 2013-01-11 오후 5:20:15
     1>2 노드의 "D:\나우커뮤니케이션\집필서적\Direct3D\source\20강\xfile\02D3DApp.vcxproj" 프로젝트(build 대상)입니다.
     1>InitializeBuildStatus:
         "AlwaysCreate"이(가) 지정되었기 때문에 "Debug\xfile.unsuccessfulbuild"을(를) 만들고 있습니다.
       ClCompile:
         모든 출력이 최신 상태입니다.
         C:\Program Files (x86)\Microsoft Visual Studio 10.0\VC\bin\CL.exe /c /ZI /nologo /W3 /WX- /Od /Oy- /D WIN32 /D _DEBUG /D _WINDOWS /D _MBCS /Gm /EHsc /RTC1 /MDd /GS /fp:precise /Zc:wchar_t /Zc:forScope /Yu"StdAfx.h" /Fp"Debug\xfile.pch" /Fo"Debug\\" /Fd"Debug\vc100.pdb" /Gd /TP /analyze- /errorReport:prompt 02D3DApp.cpp GameEdu01.cpp
         GameEdu01.cpp
     1>d:\나우커뮤니케이션\집필서적\direct3d\source\20강\xfile\gameedu01.cpp(17): warning C4101: 'i' :참조되지 않은 지역 변수입니다.
         코드를 생성하고 있습니다...
         건너뛰고 있습니다... (관련된 변경 내용 없음)
         02D3DApp.cpp
       ResourceCompile:
         모든 출력이 최신 상태입니다.
       ManifestResourceCompile:
         모든 출력이 최신 상태입니다.
       Link:
         C:\Program Files (x86)\Microsoft Visual Studio 10.0\VC\bin\link.exe /ERRORREPORT:PROMPT /OUT:"D:\나우커뮤니케이션\집필서적\Direct3D\source\20강\xfile\Debug\xfile.exe" /INCREMENTAL /NOLOGO dxguid.lib d3d9.lib d3dx9.lib kernel32.lib user32.lib gdi32.lib winspool.lib comdlg32.lib advapi32.lib shell32.lib ole32.lib oleaut32.lib uuid.lib odbc32.lib odbccp32.lib /MANIFEST /ManifestFile:"Debug\xfile.exe.intermediate.manifest" /MANIFESTUAC:"level='asInvoker' uiAccess='false'" /DEBUG /PDB:"D:\나우커뮤니케이션\집필서적\Direct3D\source\20강\xfile\Debug\xfile.pdb" /SUBSYSTEM:WINDOWS /TLBID:1 /DYNAMICBASE /NXCOMPAT /IMPLIB:"D:\나우커뮤니케이션\집필서적\Direct3D\source\20강\xfile\Debug\xfile.lib" /MACHINE:X86 Debug\02D3DApp.res
         Debug\xfile.exe.embed.manifest.res
         Debug\02D3DApp.obj
         Debug\D3DApp.obj
         Debug\GameEdu01.obj
         Debug\stdafx.obj
       Manifest:
         C:\Program Files (x86)\Microsoft SDKs\Windows\v7.0A\bin\mt.exe /nologo /verbose /out:"Debug\xfile.exe.embed.manifest" /manifest Debug\xfile.exe.intermediate.manifest
         모든 출력이 최신 상태입니다.
       LinkEmbedManifest:
         모든 출력이 최신 상태입니다.
         02D3DApp.vcxproj -> D:\나우커뮤니케이션\집필서적\Direct3D\source\20강\xfile\Debug\xfile.exe
       FinalizeBuildStatus:
         "Debug\xfile.unsuccessfulbuild" 파일을 삭제하고 있습니다.
         "Debug\xfile.lastbuildstate"에 연결(touching)하고 있습니다.
     1>"D:\나우커뮤니케이션\집필서적\Direct3D\source\20강\xfile\02D3DApp.vcxproj" 프로젝트를 빌드했습니다(build 대상).

빌드했습니다.

경과 시간: 00:00:05.89
